<html>
<head>
<title>TestNG:  Default test</title>
<link href="../testng.css" rel="stylesheet" type="text/css" />
<link href="../my-testng.css" rel="stylesheet" type="text/css" />

<style type="text/css">
.log { display: none;} 
.stack-trace { display: none;} 
</style>
<script type="text/javascript">
<!--
function flip(e) {
  current = e.style.display;
  if (current == 'block') {
    e.style.display = 'none';
    return 0;
  }
  else {
    e.style.display = 'block';
    return 1;
  }
}

function toggleBox(szDivId, elem, msg1, msg2)
{
  var res = -1;  if (document.getElementById) {
    res = flip(document.getElementById(szDivId));
  }
  else if (document.all) {
    // this is the way old msie versions work
    res = flip(document.all[szDivId]);
  }
  if(elem) {
    if(res == 0) elem.innerHTML = msg1; else elem.innerHTML = msg2;
  }

}

function toggleAllBoxes() {
  if (document.getElementsByTagName) {
    d = document.getElementsByTagName('div');
    for (i = 0; i < d.length; i++) {
      if (d[i].className == 'log') {
        flip(d[i]);
      }
    }
  }
}

// -->
</script>

</head>
<body>
<h2 align='center'>Default test</h2><table border='1' align="center">
<tr>
<<<<<<< HEAD
<td>Tests passed/Failed/Skipped:</td><td>3/0/0</td>
</tr><tr>
<td>Started on:</td><td>Wed Aug 07 00:32:10 IST 2024</td>
</tr>
<tr><td>Total time:</td><td>50 seconds (50896 ms)</td>
</tr><tr>
<td>Included groups:</td><td></td>
</tr><tr>
<td>Excluded groups:</td><td></td>
</tr>
</table><p/>
<small><i>(Hover the method name to see the test class name)</i></small><p/>
<table width='100%' border='1' class='invocation-passed'>
<tr><td colspan='4' align='center'><b>PASSED TESTS</b></td></tr>
<tr><td><b>Test method</b></td>
<td width="30%"><b>Exception</b></td>
<td width="10%"><b>Time (seconds)</b></td>
<td><b>Instance</b></td>
</tr>
<tr>
<td title='bdd.incubyte.TestRunner.CucumberTestRunner.runScenario()'><b>runScenario</b><br>Test class: bdd.incubyte.TestRunner.CucumberTestRunner<br>Test method: Runs Cucumber Scenarios<br>Parameters: "Check User login successfully with valid "vikasverma2291@outlook.com" and "Password@123"", "Signup and Login"</td>
<td></td>
<td>11</td>
<td>bdd.incubyte.TestRunner.CucumberTestRunner@76b1e9b8</td></tr>
<tr>
<td title='bdd.incubyte.TestRunner.CucumberTestRunner.runScenario()'><b>runScenario</b><br>Test class: bdd.incubyte.TestRunner.CucumberTestRunner<br>Test method: Runs Cucumber Scenarios<br>Parameters: "Check user will not login with invalid credential "v123ikasverma2291@outlook.com" and "Password@123"", "Signup and Login"</td>
<td></td>
<td>19</td>
=======
<td>Tests passed/Failed/Skipped:</td><td>4/1/0</td>
</tr><tr>
<td>Started on:</td><td>Sat Jun 15 13:09:17 IST 2024</td>
</tr>
<tr><td>Total time:</td><td>74 seconds (74951 ms)</td>
</tr><tr>
<td>Included groups:</td><td></td>
</tr><tr>
<td>Excluded groups:</td><td></td>
</tr>
</table><p/>
<small><i>(Hover the method name to see the test class name)</i></small><p/>
<table width='100%' border='1' class='invocation-failed'>
<tr><td colspan='4' align='center'><b>FAILED TESTS</b></td></tr>
<tr><td><b>Test method</b></td>
<td width="30%"><b>Exception</b></td>
<td width="10%"><b>Time (seconds)</b></td>
<td><b>Instance</b></td>
</tr>
<tr>
<td title='bdd.incubyte.TestRunner.CucumberTestRunner.runScenario()'><b>runScenario</b><br>Test class: bdd.incubyte.TestRunner.CucumberTestRunner<br>Test method: Runs Cucumber Scenarios<br>Parameters: "To verify the User is able to register successfully.", "Signup and Login"</td>
<td><div><pre>java.lang.AssertionError: TestCase failed Message not matched expected [true] but found [false]
	at org.testng.Assert.fail(Assert.java:99)
	at org.testng.Assert.failNotEquals(Assert.java:1037)
	at org.testng.Assert.assertTrue(Assert.java:45)
	at bdd.incubyte.stepDefinitions.RegistrationSteps.check_user_is_registered_successfully(RegistrationSteps.java:53)
	at ✽.Check User is registered successfully.(file:///Users/vikasverma/eclipse-workspace/incubyte/src/test/resources/Features/Login.feature:29)
</pre></div><a href='#' onClick='toggleBox("stack-trace1583082378", this, "Click to show all stack frames", "Click to hide stack frames")'>Click to show all stack frames</a>
<div class='stack-trace' id='stack-trace1583082378'><pre>java.lang.AssertionError: TestCase failed Message not matched expected [true] but found [false]
	at org.testng.Assert.fail(Assert.java:99)
	at org.testng.Assert.failNotEquals(Assert.java:1037)
	at org.testng.Assert.assertTrue(Assert.java:45)
	at bdd.incubyte.stepDefinitions.RegistrationSteps.check_user_is_registered_successfully(RegistrationSteps.java:53)
	at ✽.Check User is registered successfully.(file:///Users/vikasverma/eclipse-workspace/incubyte/src/test/resources/Features/Login.feature:29)
</pre></div></td>
<td>18</td>
<td>bdd.incubyte.TestRunner.CucumberTestRunner@76b1e9b8</td></tr>
</table><p>
<table width='100%' border='1' class='invocation-passed'>
<tr><td colspan='4' align='center'><b>PASSED TESTS</b></td></tr>
<tr><td><b>Test method</b></td>
<td width="30%"><b>Exception</b></td>
<td width="10%"><b>Time (seconds)</b></td>
<td><b>Instance</b></td>
</tr>
<tr>
<td title='bdd.incubyte.TestRunner.CucumberTestRunner.runScenario()'><b>runScenario</b><br>Test class: bdd.incubyte.TestRunner.CucumberTestRunner<br>Test method: Runs Cucumber Scenarios<br>Parameters: "Check User login successfully with valid "vikasverma2291@outlook.com" and "Password@123"", "Signup and Login"</td>
<td></td>
<td>8</td>
<td>bdd.incubyte.TestRunner.CucumberTestRunner@76b1e9b8</td></tr>
<tr>
<td title='bdd.incubyte.TestRunner.CucumberTestRunner.runScenario()'><b>runScenario</b><br>Test class: bdd.incubyte.TestRunner.CucumberTestRunner<br>Test method: Runs Cucumber Scenarios<br>Parameters: "To check the User should not be duplicate.", "Signup and Login"</td>
<td></td>
<td>10</td>
<td>bdd.incubyte.TestRunner.CucumberTestRunner@76b1e9b8</td></tr>
<tr>
<td title='bdd.incubyte.TestRunner.CucumberTestRunner.runScenario()'><b>runScenario</b><br>Test class: bdd.incubyte.TestRunner.CucumberTestRunner<br>Test method: Runs Cucumber Scenarios<br>Parameters: "Check user will not login with invalid credential "v123ikasverma2291@outlook.com" and "Password@123"", "Signup and Login"</td>
<td></td>
<td>17</td>
>>>>>>> refs/remotes/origin/main
<td>bdd.incubyte.TestRunner.CucumberTestRunner@76b1e9b8</td></tr>
<tr>
<td title='bdd.incubyte.TestRunner.CucumberTestRunner.runScenario()'><b>runScenario</b><br>Test class: bdd.incubyte.TestRunner.CucumberTestRunner<br>Test method: Runs Cucumber Scenarios<br>Parameters: "Check user will not login with invalid credential "vikasverma2291@outlook.com" and "incorrectpassword"", "Signup and Login"</td>
<td></td>
<td>19</td>
<td>bdd.incubyte.TestRunner.CucumberTestRunner@76b1e9b8</td></tr>
</table><p>
</body>
</html>